<?xml version="1.0" encoding="UTF-8"?>
<testng-results ignored="0" total="1" passed="1" failed="0" skipped="0">
  <reporter-output>
  </reporter-output>
  <suite started-at="2024-02-05T17:13:13 IST" name="Suite" finished-at="2024-02-05T17:13:14 IST" duration-ms="217">
    <groups>
    </groups>
    <test started-at="2024-02-05T17:13:13 IST" name="Test" finished-at="2024-02-05T17:13:14 IST" duration-ms="217">
      <class name="com.testscripts.tc001">
        <test-method is-config="true" signature="setup()[pri:0, instance:com.testscripts.tc001@15eb5ee5]" started-at="2024-02-05T17:13:13 IST" name="setup" finished-at="2024-02-05T17:13:14 IST" duration-ms="48" status="PASS">
          <reporter-output>
          </reporter-output>
        </test-method> <!-- setup -->
        <test-method signature="tctest()[pri:0, instance:com.testscripts.tc001@15eb5ee5]" started-at="2024-02-05T17:13:14 IST" name="tctest" finished-at="2024-02-05T17:13:14 IST" duration-ms="8" status="PASS">
          <reporter-output>
          </reporter-output>
        </test-method> <!-- tctest -->
        <test-method is-config="true" signature="Teardown()[pri:0, instance:com.testscripts.tc001@15eb5ee5]" started-at="2024-02-05T17:13:14 IST" name="Teardown" finished-at="2024-02-05T17:13:14 IST" duration-ms="7" status="PASS">
          <reporter-output>
          </reporter-output>
        </test-method> <!-- Teardown -->
      </class> <!-- com.testscripts.tc001 -->
    </test> <!-- Test -->
  </suite> <!-- Suite -->
</testng-results>
