<?xml version="1.0" encoding="UTF-8"?>
<testng-results ignored="0" total="1" passed="1" failed="0" skipped="0">
  <reporter-output>
  </reporter-output>
  <suite started-at="2024-02-04T10:59:31 IST" name="Suite" finished-at="2024-02-04T10:59:31 IST" duration-ms="126">
    <groups>
    </groups>
    <test started-at="2024-02-04T10:59:31 IST" name="Test" finished-at="2024-02-04T10:59:31 IST" duration-ms="126">
      <class name="com.testscripts.tc001">
        <test-method is-config="true" signature="setup()[pri:0, instance:com.testscripts.tc001@55183b20]" started-at="2024-02-04T10:59:31 IST" name="setup" finished-at="2024-02-04T10:59:31 IST" duration-ms="21" status="PASS">
          <reporter-output>
          </reporter-output>
        </test-method> <!-- setup -->
        <test-method signature="tctest()[pri:0, instance:com.testscripts.tc001@55183b20]" started-at="2024-02-04T10:59:31 IST" name="tctest" finished-at="2024-02-04T10:59:31 IST" duration-ms="9" status="PASS">
          <reporter-output>
          </reporter-output>
        </test-method> <!-- tctest -->
        <test-method is-config="true" signature="Teardown()[pri:0, instance:com.testscripts.tc001@55183b20]" started-at="2024-02-04T10:59:31 IST" name="Teardown" finished-at="2024-02-04T10:59:31 IST" duration-ms="5" status="PASS">
          <reporter-output>
          </reporter-output>
        </test-method> <!-- Teardown -->
      </class> <!-- com.testscripts.tc001 -->
    </test> <!-- Test -->
  </suite> <!-- Suite -->
</testng-results>
